<?xml version="1.0" encoding="UTF-8"?>
<!-- Generated by org.testng.reporters.JUnitReportReporter -->
<testsuite hostname="admin-PC" name="com.testscript.LoginCase" tests="1" failures="0" timestamp="7 Sep 2017 17:59:38 GMT" time="67.511" errors="0">
  <testcase name="aboflogincase" time="67.511" classname="com.testscript.LoginCase"/>
</testsuite> <!-- com.testscript.LoginCase -->
