<?xml version="1.0" encoding="UTF-8"?>
<!-- Generated by org.testng.reporters.JUnitReportReporter -->
<testsuite hostname="admin-PC" name="com.testscript.LoginScript" tests="1" failures="0" timestamp="11 Sep 2017 03:14:34 GMT" time="62.881" errors="0">
  <testcase name="abofloginscript" time="62.881" classname="com.testscript.LoginScript"/>
</testsuite> <!-- com.testscript.LoginScript -->
